C:\USERS\DELL\DOCUMENTS\VISUAL STUDIO 2012\PROJECTS\CUDASTRUCT\CUDASTRUCT\DEBUG\BPN.OBJ
C:\USERS\DELL\DOCUMENTS\VISUAL STUDIO 2012\PROJECTS\CUDASTRUCT\CUDASTRUCT\DEBUG\IMG_DATASET_CREATOR.OBJ
C:\USERS\DELL\DOCUMENTS\VISUAL STUDIO 2012\PROJECTS\CUDASTRUCT\CUDASTRUCT\DEBUG\MAIN.OBJ
C:\USERS\DELL\DOCUMENTS\VISUAL STUDIO 2012\PROJECTS\CUDASTRUCT\CUDASTRUCT\DEBUG\VC110.PDB
C:\USERS\DELL\DOCUMENTS\VISUAL STUDIO 2012\PROJECTS\CUDASTRUCT\DEBUG\CUDABPN.ILK
C:\USERS\DELL\DOCUMENTS\VISUAL STUDIO 2012\PROJECTS\CUDASTRUCT\DEBUG\CUDABPN.EXE
C:\USERS\DELL\DOCUMENTS\VISUAL STUDIO 2012\PROJECTS\CUDASTRUCT\DEBUG\CUDABPN.PDB
C:\Users\Dell\Documents\Visual Studio 2012\Projects\cudaStruct\cudaStruct\Debug\bpn_cuda.cu.cache
C:\Users\Dell\Documents\Visual Studio 2012\Projects\cudaStruct\cudaStruct\Debug\bpn.obj
C:\Users\Dell\Documents\Visual Studio 2012\Projects\cudaStruct\cudaStruct\Debug\bpn_cuda.cu.obj
C:\Users\Dell\Documents\Visual Studio 2012\Projects\cudaStruct\cudaStruct\Debug\img_dataset_creator.obj
C:\Users\Dell\Documents\Visual Studio 2012\Projects\cudaStruct\cudaStruct\Debug\main.obj
C:\Users\Dell\Documents\Visual Studio 2012\Projects\cudaStruct\cudaStruct\Debug\cl.command.1.tlog
C:\Users\Dell\Documents\Visual Studio 2012\Projects\cudaStruct\cudaStruct\Debug\CL.read.1.tlog
C:\Users\Dell\Documents\Visual Studio 2012\Projects\cudaStruct\cudaStruct\Debug\CL.write.1.tlog
C:\Users\Dell\Documents\Visual Studio 2012\Projects\cudaStruct\cudaStruct\Debug\link-cvtres.read.1.tlog
C:\Users\Dell\Documents\Visual Studio 2012\Projects\cudaStruct\cudaStruct\Debug\link-cvtres.write.1.tlog
C:\Users\Dell\Documents\Visual Studio 2012\Projects\cudaStruct\cudaStruct\Debug\link-rc.read.1.tlog
C:\Users\Dell\Documents\Visual Studio 2012\Projects\cudaStruct\cudaStruct\Debug\link-rc.write.1.tlog
C:\Users\Dell\Documents\Visual Studio 2012\Projects\cudaStruct\cudaStruct\Debug\link.command.1.tlog
C:\Users\Dell\Documents\Visual Studio 2012\Projects\cudaStruct\cudaStruct\Debug\link.read.1.tlog
C:\Users\Dell\Documents\Visual Studio 2012\Projects\cudaStruct\cudaStruct\Debug\link.write.1.tlog
C:\Users\Dell\Documents\Visual Studio 2012\Projects\cudaStruct\cudaStruct\Debug\vc110.idb
C:\Users\Dell\Documents\Visual Studio 2012\Projects\cudaStruct\cudaStruct\Debug\vc110.pdb
C:\Users\Dell\Documents\Visual Studio 2012\Projects\cudaStruct\Debug\cudaBPN.pdb
C:\Users\Dell\Documents\Visual Studio 2012\Projects\cudaStruct\Debug\cudaBPN.exe
C:\Users\Dell\Documents\Visual Studio 2012\Projects\cudaStruct\Debug\cudaBPN.ilk
